<?xml version="1.0" encoding="UTF-8"?>
<testng-results ignored="0" total="3" passed="3" failed="0" skipped="0">
  <reporter-output>
  </reporter-output>
  <suite started-at="2023-11-16T23:27:50 IST" name="Suite" finished-at="2023-11-16T23:28:39 IST" duration-ms="48997">
    <groups>
      <group name="cucumber">
        <method signature="AbstractTestNGCucumberTests.runScenario(io.cucumber.testng.PickleWrapper,io.cucumber.testng.FeatureWrapper)[pri:0, instance:runners.cucumberRunner@7f0eb4b4]" name="runScenario" class="io.cucumber.testng.AbstractTestNGCucumberTests"/>
      </group> <!-- cucumber -->
    </groups>
    <test started-at="2023-11-16T23:27:50 IST" name="Test" finished-at="2023-11-16T23:28:39 IST" duration-ms="48997">
      <class name="runners.cucumberRunner">
        <test-method is-config="true" signature="setUpClass(org.testng.ITestContext)[pri:0, instance:runners.cucumberRunner@7f0eb4b4]" started-at="2023-11-16T23:27:50 IST" name="setUpClass" finished-at="2023-11-16T23:27:50 IST" duration-ms="449" status="PASS">
          <params>
            <param index="0">
              <value>
                <![CDATA[org.testng.TestRunner@561b6512]]>
              </value>
            </param>
          </params>
          <reporter-output>
          </reporter-output>
        </test-method> <!-- setUpClass -->
        <test-method signature="runScenario(io.cucumber.testng.PickleWrapper,io.cucumber.testng.FeatureWrapper)[pri:0, instance:runners.cucumberRunner@7f0eb4b4]" started-at="2023-11-16T23:27:50 IST" name="runScenario" description="Runs Cucumber Scenarios" data-provider="scenarios" finished-at="2023-11-16T23:28:18 IST" duration-ms="27231" status="PASS">
          <params>
            <param index="0">
              <value>
                <![CDATA["Validate footer links (TC#4)"]]>
              </value>
            </param>
            <param index="1">
              <value>
                <![CDATA["Bulls - Home Page"]]>
              </value>
            </param>
          </params>
          <reporter-output>
          </reporter-output>
        </test-method> <!-- runScenario -->
        <test-method signature="runScenario(io.cucumber.testng.PickleWrapper,io.cucumber.testng.FeatureWrapper)[pri:0, instance:runners.cucumberRunner@7f0eb4b4]" started-at="2023-11-16T23:27:50 IST" name="runScenario" description="Runs Cucumber Scenarios" data-provider="scenarios" finished-at="2023-11-16T23:28:39 IST" duration-ms="48071" status="PASS">
          <params>
            <param index="0">
              <value>
                <![CDATA["Validate jackets on men's page (TC#1)"]]>
              </value>
            </param>
            <param index="1">
              <value>
                <![CDATA["Warriors - Shop Menu"]]>
              </value>
            </param>
          </params>
          <reporter-output>
          </reporter-output>
        </test-method> <!-- runScenario -->
        <test-method signature="runScenario(io.cucumber.testng.PickleWrapper,io.cucumber.testng.FeatureWrapper)[pri:0, instance:runners.cucumberRunner@7f0eb4b4]" started-at="2023-11-16T23:27:50 IST" name="runScenario" description="Runs Cucumber Scenarios" data-provider="scenarios" finished-at="2023-11-16T23:28:16 IST" duration-ms="25406" status="PASS">
          <params>
            <param index="0">
              <value>
                <![CDATA["Validate videos feeds on News Page (TC#2)"]]>
              </value>
            </param>
            <param index="1">
              <value>
                <![CDATA["Warriors - News & Features Menu"]]>
              </value>
            </param>
          </params>
          <reporter-output>
          </reporter-output>
        </test-method> <!-- runScenario -->
        <test-method is-config="true" signature="tearDownClass()[pri:0, instance:runners.cucumberRunner@7f0eb4b4]" started-at="2023-11-16T23:28:39 IST" name="tearDownClass" finished-at="2023-11-16T23:28:39 IST" duration-ms="439" status="PASS">
          <reporter-output>
          </reporter-output>
        </test-method> <!-- tearDownClass -->
      </class> <!-- runners.cucumberRunner -->
    </test> <!-- Test -->
  </suite> <!-- Suite -->
</testng-results>
